<?xml version="1.0" encoding="UTF-8"?>
<!-- Generated by org.testng.reporters.JUnitReportReporter -->
<testsuite hostname="DESKTOP-AK72CGG" failures="0" tests="1" name="Library.AddUser" time="0.018" errors="0" timestamp="2023-06-08T05:00:04 PDT" skipped="0">
  <testcase classname="Library.AddUser" name="AddNewUser" time="0.018"/>
  <system-out/>
</testsuite> <!-- Library.AddUser -->
